2003.12.11 16:38 B C:\My Documents\cantonese-website\public_html\simplified\pic\5456.jpg <-- cantonese /user5/cantones/public_html/simplified/pic 5456.jpg
2003.12.11 16:38 B C:\My Documents\cantonese-website\public_html\simplified\pic\background.gif <-- cantonese /user5/cantones/public_html/simplified/pic background.gif
2003.12.11 16:38 B C:\My Documents\cantonese-website\public_html\simplified\pic\background.jpg <-- cantonese /user5/cantones/public_html/simplified/pic background.jpg
2003.12.11 16:38 B C:\My Documents\cantonese-website\public_html\simplified\pic\background2.gif <-- cantonese /user5/cantones/public_html/simplified/pic background2.gif
2003.12.11 16:38 B C:\My Documents\cantonese-website\public_html\simplified\pic\background3.gif <-- cantonese /user5/cantones/public_html/simplified/pic background3.gif
2003.12.11 16:38 B C:\My Documents\cantonese-website\public_html\simplified\pic\background4.gif <-- cantonese /user5/cantones/public_html/simplified/pic background4.gif
2003.12.11 16:38 B C:\My Documents\cantonese-website\public_html\simplified\pic\background5.gif <-- cantonese /user5/cantones/public_html/simplified/pic background5.gif
2003.12.11 16:38 B C:\My Documents\cantonese-website\public_html\simplified\pic\background6.gif <-- cantonese /user5/cantones/public_html/simplified/pic background6.gif
2003.12.11 16:38 B C:\My Documents\cantonese-website\public_html\simplified\pic\background7.gif <-- cantonese /user5/cantones/public_html/simplified/pic background7.gif
2003.12.11 16:38 B C:\My Documents\cantonese-website\public_html\simplified\pic\bullet.gif <-- cantonese /user5/cantones/public_html/simplified/pic bullet.gif
2003.12.11 16:38 B C:\My Documents\cantonese-website\public_html\simplified\pic\bullet2.gif <-- cantonese /user5/cantones/public_html/simplified/pic bullet2.gif
2003.12.11 16:38 B C:\My Documents\cantonese-website\public_html\simplified\pic\bwpat1.gif <-- cantonese /user5/cantones/public_html/simplified/pic bwpat1.gif
2003.12.11 16:38 B C:\My Documents\cantonese-website\public_html\simplified\pic\bwpat1.jpg <-- cantonese /user5/cantones/public_html/simplified/pic bwpat1.jpg
2003.12.11 16:38 B C:\My Documents\cantonese-website\public_html\simplified\pic\comment.html <-- cantonese /user5/cantones/public_html/simplified/pic comment.html
2003.12.11 16:38 B C:\My Documents\cantonese-website\public_html\simplified\pic\comment.psd <-- cantonese /user5/cantones/public_html/simplified/pic comment.psd
2003.12.11 16:38 B C:\My Documents\cantonese-website\public_html\simplified\pic\comment_01-down.gif <-- cantonese /user5/cantones/public_html/simplified/pic comment_01-down.gif
2003.12.11 16:38 B C:\My Documents\cantonese-website\public_html\simplified\pic\comment_01-over.gif <-- cantonese /user5/cantones/public_html/simplified/pic comment_01-over.gif
2003.12.11 16:38 B C:\My Documents\cantonese-website\public_html\simplified\pic\comment_01.gif <-- cantonese /user5/cantones/public_html/simplified/pic comment_01.gif
2003.12.11 16:38 B C:\My Documents\cantonese-website\public_html\simplified\pic\cover.html <-- cantonese /user5/cantones/public_html/simplified/pic cover.html
2003.12.11 16:38 B C:\My Documents\cantonese-website\public_html\simplified\pic\cover.psd <-- cantonese /user5/cantones/public_html/simplified/pic cover.psd
2003.12.11 16:38 B C:\My Documents\cantonese-website\public_html\simplified\pic\cover_01-down.gif <-- cantonese /user5/cantones/public_html/simplified/pic cover_01-down.gif
2003.12.11 16:38 B C:\My Documents\cantonese-website\public_html\simplified\pic\cover_01-over.gif <-- cantonese /user5/cantones/public_html/simplified/pic cover_01-over.gif
2003.12.11 16:38 B C:\My Documents\cantonese-website\public_html\simplified\pic\cover_01.gif <-- cantonese /user5/cantones/public_html/simplified/pic cover_01.gif
2003.12.11 16:38 B C:\My Documents\cantonese-website\public_html\simplified\pic\decor1.jpg <-- cantonese /user5/cantones/public_html/simplified/pic decor1.jpg
2003.12.11 16:38 B C:\My Documents\cantonese-website\public_html\simplified\pic\flower.gif <-- cantonese /user5/cantones/public_html/simplified/pic flower.gif
2003.12.11 16:38 B C:\My Documents\cantonese-website\public_html\simplified\pic\flower.jpg <-- cantonese /user5/cantones/public_html/simplified/pic flower.jpg
2003.12.11 16:38 B C:\My Documents\cantonese-website\public_html\simplified\pic\flower1.gif <-- cantonese /user5/cantones/public_html/simplified/pic flower1.gif
2003.12.11 16:38 B C:\My Documents\cantonese-website\public_html\simplified\pic\flower1.jpg <-- cantonese /user5/cantones/public_html/simplified/pic flower1.jpg
2003.12.11 16:38 B C:\My Documents\cantonese-website\public_html\simplified\pic\flower2.gif <-- cantonese /user5/cantones/public_html/simplified/pic flower2.gif
2003.12.11 16:38 B C:\My Documents\cantonese-website\public_html\simplified\pic\forum.html <-- cantonese /user5/cantones/public_html/simplified/pic forum.html
2003.12.11 16:38 B C:\My Documents\cantonese-website\public_html\simplified\pic\forum.psd <-- cantonese /user5/cantones/public_html/simplified/pic forum.psd
2003.12.11 16:38 B C:\My Documents\cantonese-website\public_html\simplified\pic\forum_01-down.gif <-- cantonese /user5/cantones/public_html/simplified/pic forum_01-down.gif
2003.12.11 16:38 B C:\My Documents\cantonese-website\public_html\simplified\pic\forum_01-over.gif <-- cantonese /user5/cantones/public_html/simplified/pic forum_01-over.gif
2003.12.11 16:38 B C:\My Documents\cantonese-website\public_html\simplified\pic\forum_01.gif <-- cantonese /user5/cantones/public_html/simplified/pic forum_01.gif
2003.12.11 16:39 B C:\My Documents\cantonese-website\public_html\simplified\pic\front.jpg <-- cantonese /user5/cantones/public_html/simplified/pic front.jpg
2003.12.11 16:39 B C:\My Documents\cantonese-website\public_html\simplified\pic\h.jpg <-- cantonese /user5/cantones/public_html/simplified/pic h.jpg
2003.12.11 16:39 B C:\My Documents\cantonese-website\public_html\simplified\pic\h2.jpg <-- cantonese /user5/cantones/public_html/simplified/pic h2.jpg
2003.12.11 16:39 B C:\My Documents\cantonese-website\public_html\simplified\pic\hku.gif <-- cantonese /user5/cantones/public_html/simplified/pic hku.gif
2003.12.11 16:39 B C:\My Documents\cantonese-website\public_html\simplified\pic\hku.psp <-- cantonese /user5/cantones/public_html/simplified/pic hku.psp
2003.12.11 16:39 B C:\My Documents\cantonese-website\public_html\simplified\pic\hkulogo.gif <-- cantonese /user5/cantones/public_html/simplified/pic hkulogo.gif
2003.12.11 16:39 B C:\My Documents\cantonese-website\public_html\simplified\pic\hkulogo2.gif <-- cantonese /user5/cantones/public_html/simplified/pic hkulogo2.gif
2003.12.11 16:39 B C:\My Documents\cantonese-website\public_html\simplified\pic\jnulogo.gif <-- cantonese /user5/cantones/public_html/simplified/pic jnulogo.gif
2003.12.11 16:39 B C:\My Documents\cantonese-website\public_html\simplified\pic\jnutext copy.psd <-- cantonese /user5/cantones/public_html/simplified/pic jnutext copy.psd
2003.12.11 16:39 B C:\My Documents\cantonese-website\public_html\simplified\pic\jnutext.psd <-- cantonese /user5/cantones/public_html/simplified/pic jnutext.psd
2003.12.11 16:39 B C:\My Documents\cantonese-website\public_html\simplified\pic\landscape1.gif <-- cantonese /user5/cantones/public_html/simplified/pic landscape1.gif
2003.12.11 16:39 B C:\My Documents\cantonese-website\public_html\simplified\pic\landscape2.gif <-- cantonese /user5/cantones/public_html/simplified/pic landscape2.gif
2003.12.11 16:39 B C:\My Documents\cantonese-website\public_html\simplified\pic\landscape3.jpg <-- cantonese /user5/cantones/public_html/simplified/pic landscape3.jpg
2003.12.11 16:39 B C:\My Documents\cantonese-website\public_html\simplified\pic\lefttop.gif <-- cantonese /user5/cantones/public_html/simplified/pic lefttop.gif
2003.12.11 16:39 B C:\My Documents\cantonese-website\public_html\simplified\pic\links.html <-- cantonese /user5/cantones/public_html/simplified/pic links.html
2003.12.11 16:39 B C:\My Documents\cantonese-website\public_html\simplified\pic\links.psd <-- cantonese /user5/cantones/public_html/simplified/pic links.psd
2003.12.11 16:39 B C:\My Documents\cantonese-website\public_html\simplified\pic\links_01-down.gif <-- cantonese /user5/cantones/public_html/simplified/pic links_01-down.gif
2003.12.11 16:39 B C:\My Documents\cantonese-website\public_html\simplified\pic\links_01-over.gif <-- cantonese /user5/cantones/public_html/simplified/pic links_01-over.gif
2003.12.11 16:39 B C:\My Documents\cantonese-website\public_html\simplified\pic\links_01.gif <-- cantonese /user5/cantones/public_html/simplified/pic links_01.gif
2003.12.11 16:39 B C:\My Documents\cantonese-website\public_html\simplified\pic\logo.gif <-- cantonese /user5/cantones/public_html/simplified/pic logo.gif
2003.12.11 16:39 B C:\My Documents\cantonese-website\public_html\simplified\pic\logo.jpg <-- cantonese /user5/cantones/public_html/simplified/pic logo.jpg
2003.12.11 16:39 B C:\My Documents\cantonese-website\public_html\simplified\pic\mark1.jpg <-- cantonese /user5/cantones/public_html/simplified/pic mark1.jpg
2003.12.11 16:39 B C:\My Documents\cantonese-website\public_html\simplified\pic\nav_1_catalogues.gif <-- cantonese /user5/cantones/public_html/simplified/pic nav_1_catalogues.gif
2003.12.11 16:39 B C:\My Documents\cantonese-website\public_html\simplified\pic\nav_1_whatson.gif <-- cantonese /user5/cantones/public_html/simplified/pic nav_1_whatson.gif
2003.12.11 16:39 B C:\My Documents\cantonese-website\public_html\simplified\pic\news_01-down.gif <-- cantonese /user5/cantones/public_html/simplified/pic news_01-down.gif
2003.12.11 16:39 B C:\My Documents\cantonese-website\public_html\simplified\pic\news_01-over.gif <-- cantonese /user5/cantones/public_html/simplified/pic news_01-over.gif
2003.12.11 16:39 B C:\My Documents\cantonese-website\public_html\simplified\pic\news_01.gif <-- cantonese /user5/cantones/public_html/simplified/pic news_01.gif
2003.12.11 16:39 B C:\My Documents\cantonese-website\public_html\simplified\pic\pat1.jpg <-- cantonese /user5/cantones/public_html/simplified/pic pat1.jpg
2003.12.11 16:39 B C:\My Documents\cantonese-website\public_html\simplified\pic\plate1.jpg <-- cantonese /user5/cantones/public_html/simplified/pic plate1.jpg
2003.12.11 16:39 B C:\My Documents\cantonese-website\public_html\simplified\pic\preface.html <-- cantonese /user5/cantones/public_html/simplified/pic preface.html
2003.12.11 16:39 B C:\My Documents\cantonese-website\public_html\simplified\pic\preface.psd <-- cantonese /user5/cantones/public_html/simplified/pic preface.psd
2003.12.11 16:39 B C:\My Documents\cantonese-website\public_html\simplified\pic\preface_01-down.gif <-- cantonese /user5/cantones/public_html/simplified/pic preface_01-down.gif
2003.12.11 16:39 B C:\My Documents\cantonese-website\public_html\simplified\pic\preface_01-over.gif <-- cantonese /user5/cantones/public_html/simplified/pic preface_01-over.gif
2003.12.11 16:39 B C:\My Documents\cantonese-website\public_html\simplified\pic\preface_01.gif <-- cantonese /user5/cantones/public_html/simplified/pic preface_01.gif
2003.12.11 16:39 B C:\My Documents\cantonese-website\public_html\simplified\pic\r.jpg <-- cantonese /user5/cantones/public_html/simplified/pic r.jpg
2003.12.11 16:39 B C:\My Documents\cantonese-website\public_html\simplified\pic\right.html <-- cantonese /user5/cantones/public_html/simplified/pic right.html
2003.12.11 16:39 B C:\My Documents\cantonese-website\public_html\simplified\pic\right.jpg <-- cantonese /user5/cantones/public_html/simplified/pic right.jpg
2003.12.11 16:39 B C:\My Documents\cantonese-website\public_html\simplified\pic\right0.jpg <-- cantonese /user5/cantones/public_html/simplified/pic right0.jpg
2003.12.11 16:39 B C:\My Documents\cantonese-website\public_html\simplified\pic\right1.jpg <-- cantonese /user5/cantones/public_html/simplified/pic right1.jpg
2003.12.11 16:39 B C:\My Documents\cantonese-website\public_html\simplified\pic\right2.jpg <-- cantonese /user5/cantones/public_html/simplified/pic right2.jpg
2003.12.11 16:39 B C:\My Documents\cantonese-website\public_html\simplified\pic\right3.jpg <-- cantonese /user5/cantones/public_html/simplified/pic right3.jpg
2003.12.11 16:39 B C:\My Documents\cantonese-website\public_html\simplified\pic\right4.jpg <-- cantonese /user5/cantones/public_html/simplified/pic right4.jpg
2003.12.11 16:39 B C:\My Documents\cantonese-website\public_html\simplified\pic\right5.jpg <-- cantonese /user5/cantones/public_html/simplified/pic right5.jpg
2003.12.11 16:39 B C:\My Documents\cantonese-website\public_html\simplified\pic\ryu01.gif <-- cantonese /user5/cantones/public_html/simplified/pic ryu01.gif
2003.12.11 16:39 B C:\My Documents\cantonese-website\public_html\simplified\pic\ryukona.gif <-- cantonese /user5/cantones/public_html/simplified/pic ryukona.gif
2003.12.11 16:39 B C:\My Documents\cantonese-website\public_html\simplified\pic\scholar.html <-- cantonese /user5/cantones/public_html/simplified/pic scholar.html
2003.12.11 16:39 B C:\My Documents\cantonese-website\public_html\simplified\pic\scholar.psd <-- cantonese /user5/cantones/public_html/simplified/pic scholar.psd
2003.12.11 16:39 B C:\My Documents\cantonese-website\public_html\simplified\pic\scholar_01-down.gif <-- cantonese /user5/cantones/public_html/simplified/pic scholar_01-down.gif
2003.12.11 16:39 B C:\My Documents\cantonese-website\public_html\simplified\pic\scholar_01-over.gif <-- cantonese /user5/cantones/public_html/simplified/pic scholar_01-over.gif
2003.12.11 16:39 B C:\My Documents\cantonese-website\public_html\simplified\pic\scholar_01.gif <-- cantonese /user5/cantones/public_html/simplified/pic scholar_01.gif
2003.12.11 16:39 B C:\My Documents\cantonese-website\public_html\simplified\pic\search.html <-- cantonese /user5/cantones/public_html/simplified/pic search.html
2003.12.11 16:39 B C:\My Documents\cantonese-website\public_html\simplified\pic\search.psd <-- cantonese /user5/cantones/public_html/simplified/pic search.psd
2003.12.11 16:39 B C:\My Documents\cantonese-website\public_html\simplified\pic\search_01-down.gif <-- cantonese /user5/cantones/public_html/simplified/pic search_01-down.gif
2003.12.11 16:39 B C:\My Documents\cantonese-website\public_html\simplified\pic\search_01-over.gif <-- cantonese /user5/cantones/public_html/simplified/pic search_01-over.gif
2003.12.11 16:39 B C:\My Documents\cantonese-website\public_html\simplified\pic\search_01.gif <-- cantonese /user5/cantones/public_html/simplified/pic search_01.gif
2003.12.11 16:39 B C:\My Documents\cantonese-website\public_html\simplified\pic\sign1.jpg <-- cantonese /user5/cantones/public_html/simplified/pic sign1.jpg
2003.12.11 16:39 B C:\My Documents\cantonese-website\public_html\simplified\pic\simp.gif <-- cantonese /user5/cantones/public_html/simplified/pic simp.gif
2003.12.11 16:39 B C:\My Documents\cantonese-website\public_html\simplified\pic\tile1.jpg <-- cantonese /user5/cantones/public_html/simplified/pic tile1.jpg
2003.12.11 16:39 B C:\My Documents\cantonese-website\public_html\simplified\pic\title.gif <-- cantonese /user5/cantones/public_html/simplified/pic title.gif
2003.12.11 16:39 B C:\My Documents\cantonese-website\public_html\simplified\pic\title2.gif <-- cantonese /user5/cantones/public_html/simplified/pic title2.gif
2003.12.11 16:39 B C:\My Documents\cantonese-website\public_html\simplified\pic\top_img_01.gif <-- cantonese /user5/cantones/public_html/simplified/pic top_img_01.gif
2003.12.11 16:39 B C:\My Documents\cantonese-website\public_html\simplified\pic\trad.gif <-- cantonese /user5/cantones/public_html/simplified/pic trad.gif
2003.12.11 16:39 B C:\My Documents\cantonese-website\public_html\simplified\pic\works.html <-- cantonese /user5/cantones/public_html/simplified/pic works.html
2003.12.11 16:39 B C:\My Documents\cantonese-website\public_html\simplified\pic\works.psd <-- cantonese /user5/cantones/public_html/simplified/pic works.psd
2003.12.11 16:39 B C:\My Documents\cantonese-website\public_html\simplified\pic\works_01-click.gif <-- cantonese /user5/cantones/public_html/simplified/pic works_01-click.gif
2003.12.11 16:39 B C:\My Documents\cantonese-website\public_html\simplified\pic\works_01-down.gif <-- cantonese /user5/cantones/public_html/simplified/pic works_01-down.gif
2003.12.11 16:39 B C:\My Documents\cantonese-website\public_html\simplified\pic\works_01-over.gif <-- cantonese /user5/cantones/public_html/simplified/pic works_01-over.gif
2003.12.11 16:39 B C:\My Documents\cantonese-website\public_html\simplified\pic\works_01.gif <-- cantonese /user5/cantones/public_html/simplified/pic works_01.gif
2006.09.22 17:40 B C:\My Documents\cantonese-website\public_html\simplified\pic\tam.jpg --> hkusub.hku.hk /disk2/user5/cantones/public_html/simplified/pic tam.jpg
