2003.12.11 16:39 B C:\My Documents\cantonese-website\public_html\traditional\pic\background.gif <-- cantonese /user5/cantones/public_html/traditional/pic background.gif
2003.12.11 16:39 B C:\My Documents\cantonese-website\public_html\traditional\pic\background.jpg <-- cantonese /user5/cantones/public_html/traditional/pic background.jpg
2003.12.11 16:39 B C:\My Documents\cantonese-website\public_html\traditional\pic\background2.gif <-- cantonese /user5/cantones/public_html/traditional/pic background2.gif
2003.12.11 16:39 B C:\My Documents\cantonese-website\public_html\traditional\pic\background3.gif <-- cantonese /user5/cantones/public_html/traditional/pic background3.gif
2003.12.11 16:39 B C:\My Documents\cantonese-website\public_html\traditional\pic\background4.gif <-- cantonese /user5/cantones/public_html/traditional/pic background4.gif
2003.12.11 16:39 B C:\My Documents\cantonese-website\public_html\traditional\pic\background5.gif <-- cantonese /user5/cantones/public_html/traditional/pic background5.gif
2003.12.11 16:39 B C:\My Documents\cantonese-website\public_html\traditional\pic\background6.gif <-- cantonese /user5/cantones/public_html/traditional/pic background6.gif
2003.12.11 16:39 B C:\My Documents\cantonese-website\public_html\traditional\pic\background7.gif <-- cantonese /user5/cantones/public_html/traditional/pic background7.gif
2003.12.11 16:39 B C:\My Documents\cantonese-website\public_html\traditional\pic\bullet.gif <-- cantonese /user5/cantones/public_html/traditional/pic bullet.gif
2003.12.11 16:39 B C:\My Documents\cantonese-website\public_html\traditional\pic\bullet2.gif <-- cantonese /user5/cantones/public_html/traditional/pic bullet2.gif
2003.12.11 16:39 B C:\My Documents\cantonese-website\public_html\traditional\pic\bwpat1.gif <-- cantonese /user5/cantones/public_html/traditional/pic bwpat1.gif
2003.12.11 16:39 B C:\My Documents\cantonese-website\public_html\traditional\pic\bwpat1.jpg <-- cantonese /user5/cantones/public_html/traditional/pic bwpat1.jpg
2003.12.11 16:39 B C:\My Documents\cantonese-website\public_html\traditional\pic\comment.html <-- cantonese /user5/cantones/public_html/traditional/pic comment.html
2003.12.11 16:39 B C:\My Documents\cantonese-website\public_html\traditional\pic\comment.psd <-- cantonese /user5/cantones/public_html/traditional/pic comment.psd
2003.12.11 16:39 B C:\My Documents\cantonese-website\public_html\traditional\pic\comment_01-down.gif <-- cantonese /user5/cantones/public_html/traditional/pic comment_01-down.gif
2003.12.11 16:39 B C:\My Documents\cantonese-website\public_html\traditional\pic\comment_01-over.gif <-- cantonese /user5/cantones/public_html/traditional/pic comment_01-over.gif
2003.12.11 16:39 B C:\My Documents\cantonese-website\public_html\traditional\pic\comment_01.gif <-- cantonese /user5/cantones/public_html/traditional/pic comment_01.gif
2003.12.11 16:39 B C:\My Documents\cantonese-website\public_html\traditional\pic\corner.gif <-- cantonese /user5/cantones/public_html/traditional/pic corner.gif
2003.12.11 16:39 B C:\My Documents\cantonese-website\public_html\traditional\pic\cover.html <-- cantonese /user5/cantones/public_html/traditional/pic cover.html
2003.12.11 16:39 B C:\My Documents\cantonese-website\public_html\traditional\pic\cover.psd <-- cantonese /user5/cantones/public_html/traditional/pic cover.psd
2003.12.11 16:39 B C:\My Documents\cantonese-website\public_html\traditional\pic\cover_01-down.gif <-- cantonese /user5/cantones/public_html/traditional/pic cover_01-down.gif
2003.12.11 16:39 B C:\My Documents\cantonese-website\public_html\traditional\pic\cover_01-over.gif <-- cantonese /user5/cantones/public_html/traditional/pic cover_01-over.gif
2003.12.11 16:39 B C:\My Documents\cantonese-website\public_html\traditional\pic\cover_01.gif <-- cantonese /user5/cantones/public_html/traditional/pic cover_01.gif
2003.12.11 16:39 B C:\My Documents\cantonese-website\public_html\traditional\pic\decor1.jpg <-- cantonese /user5/cantones/public_html/traditional/pic decor1.jpg
2003.12.11 16:39 B C:\My Documents\cantonese-website\public_html\traditional\pic\flower.ai <-- cantonese /user5/cantones/public_html/traditional/pic flower.ai
2003.12.11 16:39 B C:\My Documents\cantonese-website\public_html\traditional\pic\flower.gif <-- cantonese /user5/cantones/public_html/traditional/pic flower.gif
2003.12.11 16:39 B C:\My Documents\cantonese-website\public_html\traditional\pic\flower.jpg <-- cantonese /user5/cantones/public_html/traditional/pic flower.jpg
2003.12.11 16:39 B C:\My Documents\cantonese-website\public_html\traditional\pic\flower.png <-- cantonese /user5/cantones/public_html/traditional/pic flower.png
2003.12.11 16:39 B C:\My Documents\cantonese-website\public_html\traditional\pic\flower.psd <-- cantonese /user5/cantones/public_html/traditional/pic flower.psd
2003.12.11 16:39 B C:\My Documents\cantonese-website\public_html\traditional\pic\flower1.gif <-- cantonese /user5/cantones/public_html/traditional/pic flower1.gif
2003.12.11 16:39 B C:\My Documents\cantonese-website\public_html\traditional\pic\flower1.jpg <-- cantonese /user5/cantones/public_html/traditional/pic flower1.jpg
2003.12.11 16:39 B C:\My Documents\cantonese-website\public_html\traditional\pic\flower2.gif <-- cantonese /user5/cantones/public_html/traditional/pic flower2.gif
2003.12.11 16:39 B C:\My Documents\cantonese-website\public_html\traditional\pic\flower_bak.jpg <-- cantonese /user5/cantones/public_html/traditional/pic flower_bak.jpg
2003.12.11 16:39 B C:\My Documents\cantonese-website\public_html\traditional\pic\forum.html <-- cantonese /user5/cantones/public_html/traditional/pic forum.html
2003.12.11 16:39 B C:\My Documents\cantonese-website\public_html\traditional\pic\forum.psd <-- cantonese /user5/cantones/public_html/traditional/pic forum.psd
2003.12.11 16:39 B C:\My Documents\cantonese-website\public_html\traditional\pic\forum_01-down.gif <-- cantonese /user5/cantones/public_html/traditional/pic forum_01-down.gif
2003.12.11 16:39 B C:\My Documents\cantonese-website\public_html\traditional\pic\forum_01-over.gif <-- cantonese /user5/cantones/public_html/traditional/pic forum_01-over.gif
2003.12.11 16:39 B C:\My Documents\cantonese-website\public_html\traditional\pic\forum_01.gif <-- cantonese /user5/cantones/public_html/traditional/pic forum_01.gif
2003.12.11 16:39 B C:\My Documents\cantonese-website\public_html\traditional\pic\front.jpg <-- cantonese /user5/cantones/public_html/traditional/pic front.jpg
2003.12.11 16:39 B C:\My Documents\cantonese-website\public_html\traditional\pic\h.jpg <-- cantonese /user5/cantones/public_html/traditional/pic h.jpg
2003.12.11 16:39 B C:\My Documents\cantonese-website\public_html\traditional\pic\h2.jpg <-- cantonese /user5/cantones/public_html/traditional/pic h2.jpg
2003.12.11 16:39 B C:\My Documents\cantonese-website\public_html\traditional\pic\hku.gif <-- cantonese /user5/cantones/public_html/traditional/pic hku.gif
2003.12.11 16:39 B C:\My Documents\cantonese-website\public_html\traditional\pic\hku.psp <-- cantonese /user5/cantones/public_html/traditional/pic hku.psp
2003.12.11 16:39 B C:\My Documents\cantonese-website\public_html\traditional\pic\hkulogo2.gif <-- cantonese /user5/cantones/public_html/traditional/pic hkulogo2.gif
2003.12.11 16:39 B C:\My Documents\cantonese-website\public_html\traditional\pic\jnutext copy.psd <-- cantonese /user5/cantones/public_html/traditional/pic jnutext copy.psd
2003.12.11 16:39 B C:\My Documents\cantonese-website\public_html\traditional\pic\jnutext.psd <-- cantonese /user5/cantones/public_html/traditional/pic jnutext.psd
2003.12.11 16:39 B C:\My Documents\cantonese-website\public_html\traditional\pic\landscape1.gif <-- cantonese /user5/cantones/public_html/traditional/pic landscape1.gif
2003.12.11 16:39 B C:\My Documents\cantonese-website\public_html\traditional\pic\landscape2.gif <-- cantonese /user5/cantones/public_html/traditional/pic landscape2.gif
2003.12.11 16:39 B C:\My Documents\cantonese-website\public_html\traditional\pic\landscape3.jpg <-- cantonese /user5/cantones/public_html/traditional/pic landscape3.jpg
2003.12.11 16:39 B C:\My Documents\cantonese-website\public_html\traditional\pic\lefttop.gif <-- cantonese /user5/cantones/public_html/traditional/pic lefttop.gif
2003.12.11 16:39 B C:\My Documents\cantonese-website\public_html\traditional\pic\links.html <-- cantonese /user5/cantones/public_html/traditional/pic links.html
2003.12.11 16:39 B C:\My Documents\cantonese-website\public_html\traditional\pic\links.psd <-- cantonese /user5/cantones/public_html/traditional/pic links.psd
2003.12.11 16:39 B C:\My Documents\cantonese-website\public_html\traditional\pic\links_01-down.gif <-- cantonese /user5/cantones/public_html/traditional/pic links_01-down.gif
2003.12.11 16:40 B C:\My Documents\cantonese-website\public_html\traditional\pic\links_01-over.gif <-- cantonese /user5/cantones/public_html/traditional/pic links_01-over.gif
2003.12.11 16:40 B C:\My Documents\cantonese-website\public_html\traditional\pic\links_01.gif <-- cantonese /user5/cantones/public_html/traditional/pic links_01.gif
2003.12.11 16:40 B C:\My Documents\cantonese-website\public_html\traditional\pic\logo.gif <-- cantonese /user5/cantones/public_html/traditional/pic logo.gif
2003.12.11 16:40 B C:\My Documents\cantonese-website\public_html\traditional\pic\logo.jpg <-- cantonese /user5/cantones/public_html/traditional/pic logo.jpg
2003.12.11 16:40 B C:\My Documents\cantonese-website\public_html\traditional\pic\mark1.jpg <-- cantonese /user5/cantones/public_html/traditional/pic mark1.jpg
2003.12.11 16:40 B C:\My Documents\cantonese-website\public_html\traditional\pic\nav_1_catalogues.gif <-- cantonese /user5/cantones/public_html/traditional/pic nav_1_catalogues.gif
2003.12.11 16:40 B C:\My Documents\cantonese-website\public_html\traditional\pic\nav_1_whatson.gif <-- cantonese /user5/cantones/public_html/traditional/pic nav_1_whatson.gif
2003.12.11 16:40 B C:\My Documents\cantonese-website\public_html\traditional\pic\news.html <-- cantonese /user5/cantones/public_html/traditional/pic news.html
2003.12.11 16:40 B C:\My Documents\cantonese-website\public_html\traditional\pic\news.psd <-- cantonese /user5/cantones/public_html/traditional/pic news.psd
2003.12.11 16:40 B C:\My Documents\cantonese-website\public_html\traditional\pic\news_01-down.gif <-- cantonese /user5/cantones/public_html/traditional/pic news_01-down.gif
2003.12.11 16:40 B C:\My Documents\cantonese-website\public_html\traditional\pic\news_01-over.gif <-- cantonese /user5/cantones/public_html/traditional/pic news_01-over.gif
2003.12.11 16:40 B C:\My Documents\cantonese-website\public_html\traditional\pic\news_01.gif <-- cantonese /user5/cantones/public_html/traditional/pic news_01.gif
2003.12.11 16:40 B C:\My Documents\cantonese-website\public_html\traditional\pic\pat1.jpg <-- cantonese /user5/cantones/public_html/traditional/pic pat1.jpg
2003.12.11 16:40 B C:\My Documents\cantonese-website\public_html\traditional\pic\plate1.jpg <-- cantonese /user5/cantones/public_html/traditional/pic plate1.jpg
2003.12.11 16:40 B C:\My Documents\cantonese-website\public_html\traditional\pic\preface.html <-- cantonese /user5/cantones/public_html/traditional/pic preface.html
2003.12.11 16:40 B C:\My Documents\cantonese-website\public_html\traditional\pic\preface.psd <-- cantonese /user5/cantones/public_html/traditional/pic preface.psd
2003.12.11 16:40 B C:\My Documents\cantonese-website\public_html\traditional\pic\preface_01-down.gif <-- cantonese /user5/cantones/public_html/traditional/pic preface_01-down.gif
2003.12.11 16:40 B C:\My Documents\cantonese-website\public_html\traditional\pic\preface_01-over.gif <-- cantonese /user5/cantones/public_html/traditional/pic preface_01-over.gif
2003.12.11 16:40 B C:\My Documents\cantonese-website\public_html\traditional\pic\preface_01.gif <-- cantonese /user5/cantones/public_html/traditional/pic preface_01.gif
2003.12.11 16:40 B C:\My Documents\cantonese-website\public_html\traditional\pic\r.jpg <-- cantonese /user5/cantones/public_html/traditional/pic r.jpg
2003.12.11 16:40 B C:\My Documents\cantonese-website\public_html\traditional\pic\right.gif <-- cantonese /user5/cantones/public_html/traditional/pic right.gif
2003.12.11 16:40 B C:\My Documents\cantonese-website\public_html\traditional\pic\right.jpg <-- cantonese /user5/cantones/public_html/traditional/pic right.jpg
2003.12.11 16:40 B C:\My Documents\cantonese-website\public_html\traditional\pic\right.psd <-- cantonese /user5/cantones/public_html/traditional/pic right.psd
2003.12.11 16:40 B C:\My Documents\cantonese-website\public_html\traditional\pic\right0.jpg <-- cantonese /user5/cantones/public_html/traditional/pic right0.jpg
2003.12.11 16:40 B C:\My Documents\cantonese-website\public_html\traditional\pic\right1.jpg <-- cantonese /user5/cantones/public_html/traditional/pic right1.jpg
2003.12.11 16:40 B C:\My Documents\cantonese-website\public_html\traditional\pic\right2.jpg <-- cantonese /user5/cantones/public_html/traditional/pic right2.jpg
2003.12.11 16:40 B C:\My Documents\cantonese-website\public_html\traditional\pic\right3.jpg <-- cantonese /user5/cantones/public_html/traditional/pic right3.jpg
2003.12.11 16:40 B C:\My Documents\cantonese-website\public_html\traditional\pic\right4.jpg <-- cantonese /user5/cantones/public_html/traditional/pic right4.jpg
2003.12.11 16:40 B C:\My Documents\cantonese-website\public_html\traditional\pic\right5.jpg <-- cantonese /user5/cantones/public_html/traditional/pic right5.jpg
2003.12.11 16:40 B C:\My Documents\cantonese-website\public_html\traditional\pic\ryu01.gif <-- cantonese /user5/cantones/public_html/traditional/pic ryu01.gif
2003.12.11 16:40 B C:\My Documents\cantonese-website\public_html\traditional\pic\ryukona.gif <-- cantonese /user5/cantones/public_html/traditional/pic ryukona.gif
2003.12.11 16:40 B C:\My Documents\cantonese-website\public_html\traditional\pic\scholar.html <-- cantonese /user5/cantones/public_html/traditional/pic scholar.html
2003.12.11 16:40 B C:\My Documents\cantonese-website\public_html\traditional\pic\scholar.psd <-- cantonese /user5/cantones/public_html/traditional/pic scholar.psd
2003.12.11 16:40 B C:\My Documents\cantonese-website\public_html\traditional\pic\scholar_01-down.gif <-- cantonese /user5/cantones/public_html/traditional/pic scholar_01-down.gif
2003.12.11 16:40 B C:\My Documents\cantonese-website\public_html\traditional\pic\scholar_01-over.gif <-- cantonese /user5/cantones/public_html/traditional/pic scholar_01-over.gif
2003.12.11 16:40 B C:\My Documents\cantonese-website\public_html\traditional\pic\scholar_01.gif <-- cantonese /user5/cantones/public_html/traditional/pic scholar_01.gif
2003.12.11 16:40 B C:\My Documents\cantonese-website\public_html\traditional\pic\search.html <-- cantonese /user5/cantones/public_html/traditional/pic search.html
2003.12.11 16:40 B C:\My Documents\cantonese-website\public_html\traditional\pic\search.psd <-- cantonese /user5/cantones/public_html/traditional/pic search.psd
2003.12.11 16:40 B C:\My Documents\cantonese-website\public_html\traditional\pic\search_01-down.gif <-- cantonese /user5/cantones/public_html/traditional/pic search_01-down.gif
2003.12.11 16:40 B C:\My Documents\cantonese-website\public_html\traditional\pic\search_01-over.gif <-- cantonese /user5/cantones/public_html/traditional/pic search_01-over.gif
2003.12.11 16:40 B C:\My Documents\cantonese-website\public_html\traditional\pic\search_01.gif <-- cantonese /user5/cantones/public_html/traditional/pic search_01.gif
2003.12.11 16:40 B C:\My Documents\cantonese-website\public_html\traditional\pic\sign1.jpg <-- cantonese /user5/cantones/public_html/traditional/pic sign1.jpg
2003.12.11 16:40 B C:\My Documents\cantonese-website\public_html\traditional\pic\simp.gif <-- cantonese /user5/cantones/public_html/traditional/pic simp.gif
2003.12.11 16:40 B C:\My Documents\cantonese-website\public_html\traditional\pic\Thumbs.db <-- cantonese /user5/cantones/public_html/traditional/pic Thumbs.db
2003.12.11 16:40 B C:\My Documents\cantonese-website\public_html\traditional\pic\tile1.jpg <-- cantonese /user5/cantones/public_html/traditional/pic tile1.jpg
2003.12.11 16:40 B C:\My Documents\cantonese-website\public_html\traditional\pic\title.gif <-- cantonese /user5/cantones/public_html/traditional/pic title.gif
2003.12.11 16:40 B C:\My Documents\cantonese-website\public_html\traditional\pic\title2.gif <-- cantonese /user5/cantones/public_html/traditional/pic title2.gif
2003.12.11 16:40 B C:\My Documents\cantonese-website\public_html\traditional\pic\top_img_01.gif <-- cantonese /user5/cantones/public_html/traditional/pic top_img_01.gif
2003.12.11 16:40 B C:\My Documents\cantonese-website\public_html\traditional\pic\trad.gif <-- cantonese /user5/cantones/public_html/traditional/pic trad.gif
2003.12.11 16:40 B C:\My Documents\cantonese-website\public_html\traditional\pic\works.html <-- cantonese /user5/cantones/public_html/traditional/pic works.html
2003.12.11 16:40 B C:\My Documents\cantonese-website\public_html\traditional\pic\works.psd <-- cantonese /user5/cantones/public_html/traditional/pic works.psd
2003.12.11 16:40 B C:\My Documents\cantonese-website\public_html\traditional\pic\works_01-click.gif <-- cantonese /user5/cantones/public_html/traditional/pic works_01-click.gif
2003.12.11 16:40 B C:\My Documents\cantonese-website\public_html\traditional\pic\works_01-down.gif <-- cantonese /user5/cantones/public_html/traditional/pic works_01-down.gif
2003.12.11 16:40 B C:\My Documents\cantonese-website\public_html\traditional\pic\works_01-over.gif <-- cantonese /user5/cantones/public_html/traditional/pic works_01-over.gif
2003.12.11 16:40 B C:\My Documents\cantonese-website\public_html\traditional\pic\works_01.gif <-- cantonese /user5/cantones/public_html/traditional/pic works_01.gif
