2003.12.11 16:39 B C:\My Documents\cantonese-website\public_html\simplified\pic\images\comment_01-down.gif <-- cantonese /user5/cantones/public_html/simplified/pic/images comment_01-down.gif
2003.12.11 16:39 B C:\My Documents\cantonese-website\public_html\simplified\pic\images\comment_01-over.gif <-- cantonese /user5/cantones/public_html/simplified/pic/images comment_01-over.gif
2003.12.11 16:39 B C:\My Documents\cantonese-website\public_html\simplified\pic\images\comment_01.gif <-- cantonese /user5/cantones/public_html/simplified/pic/images comment_01.gif
2003.12.11 16:39 B C:\My Documents\cantonese-website\public_html\simplified\pic\images\cover_01-down.gif <-- cantonese /user5/cantones/public_html/simplified/pic/images cover_01-down.gif
2003.12.11 16:39 B C:\My Documents\cantonese-website\public_html\simplified\pic\images\cover_01-over.gif <-- cantonese /user5/cantones/public_html/simplified/pic/images cover_01-over.gif
2003.12.11 16:39 B C:\My Documents\cantonese-website\public_html\simplified\pic\images\cover_01.gif <-- cantonese /user5/cantones/public_html/simplified/pic/images cover_01.gif
2003.12.11 16:39 B C:\My Documents\cantonese-website\public_html\simplified\pic\images\forum_01-down.gif <-- cantonese /user5/cantones/public_html/simplified/pic/images forum_01-down.gif
2003.12.11 16:39 B C:\My Documents\cantonese-website\public_html\simplified\pic\images\forum_01-over.gif <-- cantonese /user5/cantones/public_html/simplified/pic/images forum_01-over.gif
2003.12.11 16:39 B C:\My Documents\cantonese-website\public_html\simplified\pic\images\forum_01.gif <-- cantonese /user5/cantones/public_html/simplified/pic/images forum_01.gif
2003.12.11 16:39 B C:\My Documents\cantonese-website\public_html\simplified\pic\images\links_01-down.gif <-- cantonese /user5/cantones/public_html/simplified/pic/images links_01-down.gif
2003.12.11 16:39 B C:\My Documents\cantonese-website\public_html\simplified\pic\images\links_01-over.gif <-- cantonese /user5/cantones/public_html/simplified/pic/images links_01-over.gif
2003.12.11 16:39 B C:\My Documents\cantonese-website\public_html\simplified\pic\images\links_01.gif <-- cantonese /user5/cantones/public_html/simplified/pic/images links_01.gif
2003.12.11 16:39 B C:\My Documents\cantonese-website\public_html\simplified\pic\images\preface_01-down.gif <-- cantonese /user5/cantones/public_html/simplified/pic/images preface_01-down.gif
2003.12.11 16:39 B C:\My Documents\cantonese-website\public_html\simplified\pic\images\preface_01-over.gif <-- cantonese /user5/cantones/public_html/simplified/pic/images preface_01-over.gif
2003.12.11 16:39 B C:\My Documents\cantonese-website\public_html\simplified\pic\images\preface_01.gif <-- cantonese /user5/cantones/public_html/simplified/pic/images preface_01.gif
2003.12.11 16:39 B C:\My Documents\cantonese-website\public_html\simplified\pic\images\scholar_01-down.gif <-- cantonese /user5/cantones/public_html/simplified/pic/images scholar_01-down.gif
2003.12.11 16:39 B C:\My Documents\cantonese-website\public_html\simplified\pic\images\scholar_01-over.gif <-- cantonese /user5/cantones/public_html/simplified/pic/images scholar_01-over.gif
2003.12.11 16:39 B C:\My Documents\cantonese-website\public_html\simplified\pic\images\scholar_01.gif <-- cantonese /user5/cantones/public_html/simplified/pic/images scholar_01.gif
2003.12.11 16:39 B C:\My Documents\cantonese-website\public_html\simplified\pic\images\search_01-down.gif <-- cantonese /user5/cantones/public_html/simplified/pic/images search_01-down.gif
2003.12.11 16:39 B C:\My Documents\cantonese-website\public_html\simplified\pic\images\search_01-over.gif <-- cantonese /user5/cantones/public_html/simplified/pic/images search_01-over.gif
2003.12.11 16:39 B C:\My Documents\cantonese-website\public_html\simplified\pic\images\search_01.gif <-- cantonese /user5/cantones/public_html/simplified/pic/images search_01.gif
2003.12.11 16:39 B C:\My Documents\cantonese-website\public_html\simplified\pic\images\works_01-down.gif <-- cantonese /user5/cantones/public_html/simplified/pic/images works_01-down.gif
2003.12.11 16:39 B C:\My Documents\cantonese-website\public_html\simplified\pic\images\works_01-over.gif <-- cantonese /user5/cantones/public_html/simplified/pic/images works_01-over.gif
2003.12.11 16:39 B C:\My Documents\cantonese-website\public_html\simplified\pic\images\works_01.gif <-- cantonese /user5/cantones/public_html/simplified/pic/images works_01.gif
