2002.07.16 17:15 B C:\My Documents\my web\traditional\pic\images\comment_01-down.gif --> hkusua.hku.hk /nfs5/cantones/public_html/traditional/pic/images comment_01-down.gif
2002.07.16 17:15 B C:\My Documents\my web\traditional\pic\images\comment_01-over.gif --> hkusua.hku.hk /nfs5/cantones/public_html/traditional/pic/images comment_01-over.gif
2002.07.16 17:15 B C:\My Documents\my web\traditional\pic\images\comment_01.gif --> hkusua.hku.hk /nfs5/cantones/public_html/traditional/pic/images comment_01.gif
2002.07.16 17:15 B C:\My Documents\my web\traditional\pic\images\cover_01-down.gif --> hkusua.hku.hk /nfs5/cantones/public_html/traditional/pic/images cover_01-down.gif
2002.07.16 17:15 B C:\My Documents\my web\traditional\pic\images\cover_01-over.gif --> hkusua.hku.hk /nfs5/cantones/public_html/traditional/pic/images cover_01-over.gif
2002.07.16 17:15 B C:\My Documents\my web\traditional\pic\images\cover_01.gif --> hkusua.hku.hk /nfs5/cantones/public_html/traditional/pic/images cover_01.gif
2002.07.16 17:15 B C:\My Documents\my web\traditional\pic\images\forum_01-down.gif --> hkusua.hku.hk /nfs5/cantones/public_html/traditional/pic/images forum_01-down.gif
2002.07.16 17:15 B C:\My Documents\my web\traditional\pic\images\forum_01-over.gif --> hkusua.hku.hk /nfs5/cantones/public_html/traditional/pic/images forum_01-over.gif
2002.07.16 17:16 B C:\My Documents\my web\traditional\pic\images\forum_01.gif --> hkusua.hku.hk /nfs5/cantones/public_html/traditional/pic/images forum_01.gif
2002.07.16 17:16 B C:\My Documents\my web\traditional\pic\images\links_01-down.gif --> hkusua.hku.hk /nfs5/cantones/public_html/traditional/pic/images links_01-down.gif
2002.07.16 17:16 B C:\My Documents\my web\traditional\pic\images\links_01-over.gif --> hkusua.hku.hk /nfs5/cantones/public_html/traditional/pic/images links_01-over.gif
2002.07.16 17:16 B C:\My Documents\my web\traditional\pic\images\links_01.gif --> hkusua.hku.hk /nfs5/cantones/public_html/traditional/pic/images links_01.gif
2002.07.16 17:16 B C:\My Documents\my web\traditional\pic\images\preface_01-down.gif --> hkusua.hku.hk /nfs5/cantones/public_html/traditional/pic/images preface_01-down.gif
2002.07.16 17:16 B C:\My Documents\my web\traditional\pic\images\preface_01-over.gif --> hkusua.hku.hk /nfs5/cantones/public_html/traditional/pic/images preface_01-over.gif
2002.07.16 17:16 B C:\My Documents\my web\traditional\pic\images\preface_01-preface_03_over.gif --> hkusua.hku.hk /nfs5/cantones/public_html/traditional/pic/images preface_01-preface_03_over.gif
2002.07.16 17:16 B C:\My Documents\my web\traditional\pic\images\preface_01.gif --> hkusua.hku.hk /nfs5/cantones/public_html/traditional/pic/images preface_01.gif
2002.07.16 17:16 B C:\My Documents\my web\traditional\pic\images\preface_02-preface_03_over.gif --> hkusua.hku.hk /nfs5/cantones/public_html/traditional/pic/images preface_02-preface_03_over.gif
2002.07.16 17:16 B C:\My Documents\my web\traditional\pic\images\preface_02.gif --> hkusua.hku.hk /nfs5/cantones/public_html/traditional/pic/images preface_02.gif
2002.07.16 17:16 B C:\My Documents\my web\traditional\pic\images\preface_03-down.gif --> hkusua.hku.hk /nfs5/cantones/public_html/traditional/pic/images preface_03-down.gif
2002.07.16 17:16 B C:\My Documents\my web\traditional\pic\images\preface_03-over.gif --> hkusua.hku.hk /nfs5/cantones/public_html/traditional/pic/images preface_03-over.gif
2002.07.16 17:16 B C:\My Documents\my web\traditional\pic\images\preface_03.gif --> hkusua.hku.hk /nfs5/cantones/public_html/traditional/pic/images preface_03.gif
2002.07.16 17:16 B C:\My Documents\my web\traditional\pic\images\preface_04-preface_03_over.gif --> hkusua.hku.hk /nfs5/cantones/public_html/traditional/pic/images preface_04-preface_03_over.gif
2002.07.16 17:16 B C:\My Documents\my web\traditional\pic\images\preface_04.gif --> hkusua.hku.hk /nfs5/cantones/public_html/traditional/pic/images preface_04.gif
2002.07.16 17:16 B C:\My Documents\my web\traditional\pic\images\preface_05-preface_03_over.gif --> hkusua.hku.hk /nfs5/cantones/public_html/traditional/pic/images preface_05-preface_03_over.gif
2002.07.16 17:16 B C:\My Documents\my web\traditional\pic\images\preface_05.gif --> hkusua.hku.hk /nfs5/cantones/public_html/traditional/pic/images preface_05.gif
2002.07.16 17:16 B C:\My Documents\my web\traditional\pic\images\scholar_01-down.gif --> hkusua.hku.hk /nfs5/cantones/public_html/traditional/pic/images scholar_01-down.gif
2002.07.16 17:16 B C:\My Documents\my web\traditional\pic\images\scholar_01-over.gif --> hkusua.hku.hk /nfs5/cantones/public_html/traditional/pic/images scholar_01-over.gif
2002.07.16 17:16 B C:\My Documents\my web\traditional\pic\images\scholar_01.gif --> hkusua.hku.hk /nfs5/cantones/public_html/traditional/pic/images scholar_01.gif
2002.07.16 17:16 B C:\My Documents\my web\traditional\pic\images\search_01-down.gif --> hkusua.hku.hk /nfs5/cantones/public_html/traditional/pic/images search_01-down.gif
2002.07.16 17:16 B C:\My Documents\my web\traditional\pic\images\search_01-over.gif --> hkusua.hku.hk /nfs5/cantones/public_html/traditional/pic/images search_01-over.gif
2002.07.16 17:16 B C:\My Documents\my web\traditional\pic\images\search_01.gif --> hkusua.hku.hk /nfs5/cantones/public_html/traditional/pic/images search_01.gif
2002.07.16 17:16 B C:\My Documents\my web\traditional\pic\images\works_01-down.gif --> hkusua.hku.hk /nfs5/cantones/public_html/traditional/pic/images works_01-down.gif
2002.07.16 17:16 B C:\My Documents\my web\traditional\pic\images\works_01-over.gif --> hkusua.hku.hk /nfs5/cantones/public_html/traditional/pic/images works_01-over.gif
2002.07.16 17:16 B C:\My Documents\my web\traditional\pic\images\works_01.gif --> hkusua.hku.hk /nfs5/cantones/public_html/traditional/pic/images works_01.gif
2002.07.16 17:17 B C:\My Documents\my web\traditional\pic\images\WS_FTP.LOG --> hkusua.hku.hk /nfs5/cantones/public_html/traditional/pic/images WS_FTP.LOG
2002.07.16 17:17 B C:\My Documents\my web\traditional\pic\images\WS_FTP.LOG --> hkusua.hku.hk /nfs5/cantones/public_html/traditional/pic/images WS_FTP.LOG
2002.07.16 17:18 B C:\My Documents\my web\traditional\pic\images\WS_FTP.LOG --> hkusua.hku.hk /nfs5/cantones/public_html/traditional/pic/images WS_FTP.LOG
2002.07.17 12:28 B C:\My Documents\my web\traditional\pic\images\WS_FTP.LOG --> hkusua.hku.hk /nfs5/cantones/public_html/traditional/pic/images WS_FTP.LOG
2002.07.23 17:57 B C:\My Documents\my web\cantonese\traditional\pic\images\news_01-down.gif --> hkusua.hku.hk /nfs5/cantones/public_html/traditional/pic/images news_01-down.gif
2002.07.23 17:57 B C:\My Documents\my web\cantonese\traditional\pic\images\news_01-over.gif --> hkusua.hku.hk /nfs5/cantones/public_html/traditional/pic/images news_01-over.gif
2002.07.23 17:57 B C:\My Documents\my web\cantonese\traditional\pic\images\news_01.gif --> hkusua.hku.hk /nfs5/cantones/public_html/traditional/pic/images news_01.gif
2002.07.23 17:57 B C:\My Documents\my web\cantonese\traditional\pic\images\WS_FTP.LOG --> hkusua.hku.hk /nfs5/cantones/public_html/traditional/pic/images WS_FTP.LOG
2003.12.11 16:39 B C:\My Documents\cantonese-website\public_html\traditional\pic\images\WS_FTP.LOG <-- cantonese /user5/cantones/public_html/traditional/pic/images WS_FTP.LOG
