2002.06.25 16:22 B C:\My Documents\can\simplified\pic\specchar\rendeng.gif <-- cantonese /nfs5/cantones/public_html/traditional/pic/specchar rendeng.gif
2002.06.25 16:22 B C:\My Documents\can\simplified\pic\specchar\runan.gif <-- cantonese /nfs5/cantones/public_html/traditional/pic/specchar runan.gif
2002.06.28 11:29 A C:\My Documents\can\simplified\pic\specchar\_shan.gif --> hkusua.hku.hk /nfs5/cantones/public_html/simplified/pic/specchar _shan.gif
2002.06.28 11:29 A C:\My Documents\can\simplified\pic\specchar\_shi.gif --> hkusua.hku.hk /nfs5/cantones/public_html/simplified/pic/specchar _shi.gif
2002.06.28 11:29 A C:\My Documents\can\simplified\pic\specchar\heke.gif --> hkusua.hku.hk /nfs5/cantones/public_html/simplified/pic/specchar heke.gif
2002.06.28 11:29 A C:\My Documents\can\simplified\pic\specchar\koudi.gif --> hkusua.hku.hk /nfs5/cantones/public_html/simplified/pic/specchar koudi.gif
2002.06.28 11:29 A C:\My Documents\can\simplified\pic\specchar\kougan1.gif --> hkusua.hku.hk /nfs5/cantones/public_html/simplified/pic/specchar kougan1.gif
2002.06.28 11:29 A C:\My Documents\can\simplified\pic\specchar\kougan2.gif --> hkusua.hku.hk /nfs5/cantones/public_html/simplified/pic/specchar kougan2.gif
2002.06.28 11:29 A C:\My Documents\can\simplified\pic\specchar\kouleng.gif --> hkusua.hku.hk /nfs5/cantones/public_html/simplified/pic/specchar kouleng.gif
2002.06.28 11:29 A C:\My Documents\can\simplified\pic\specchar\mo.gif --> hkusua.hku.hk /nfs5/cantones/public_html/simplified/pic/specchar mo.gif
2002.06.28 11:29 A C:\My Documents\can\simplified\pic\specchar\rendeng.gif --> hkusua.hku.hk /nfs5/cantones/public_html/simplified/pic/specchar rendeng.gif
2002.06.28 11:29 A C:\My Documents\can\simplified\pic\specchar\renning.gif --> hkusua.hku.hk /nfs5/cantones/public_html/simplified/pic/specchar renning.gif
2002.06.28 11:29 A C:\My Documents\can\simplified\pic\specchar\runan.gif --> hkusua.hku.hk /nfs5/cantones/public_html/simplified/pic/specchar runan.gif
2002.06.28 11:29 A C:\My Documents\can\simplified\pic\specchar\shuiguang.gif --> hkusua.hku.hk /nfs5/cantones/public_html/simplified/pic/specchar shuiguang.gif
2002.06.28 11:29 A C:\My Documents\can\simplified\pic\specchar\shuihan.gif --> hkusua.hku.hk /nfs5/cantones/public_html/simplified/pic/specchar shuihan.gif
2002.06.28 11:29 A C:\My Documents\can\simplified\pic\specchar\shutong.gif --> hkusua.hku.hk /nfs5/cantones/public_html/simplified/pic/specchar shutong.gif
2002.06.28 11:29 A C:\My Documents\can\simplified\pic\specchar\WS_FTP.LOG --> hkusua.hku.hk /nfs5/cantones/public_html/simplified/pic/specchar WS_FTP.LOG
2002.06.28 11:29 A C:\My Documents\can\simplified\pic\specchar\yemu.gif --> hkusua.hku.hk /nfs5/cantones/public_html/simplified/pic/specchar yemu.gif
2002.06.28 11:29 A C:\My Documents\can\simplified\pic\specchar\zijin.gif --> hkusua.hku.hk /nfs5/cantones/public_html/simplified/pic/specchar zijin.gif
2002.07.09 15:58 B C:\My Documents\can\simplified\pic\specchar\WS_FTP.LOG --> hkusua.hku.hk /nfs5/cantones/public_html/simplified/pic/specchar WS_FTP.LOG
2003.12.11 16:39 B C:\My Documents\cantonese-website\public_html\simplified\pic\specchar\WS_FTP.LOG <-- cantonese /user5/cantones/public_html/simplified/pic/specchar WS_FTP.LOG
2003.12.11 16:39 B C:\My Documents\cantonese-website\public_html\simplified\pic\specchar\yemu.gif <-- cantonese /user5/cantones/public_html/simplified/pic/specchar yemu.gif
2003.12.11 16:39 B C:\My Documents\cantonese-website\public_html\simplified\pic\specchar\zijin.gif <-- cantonese /user5/cantones/public_html/simplified/pic/specchar zijin.gif
