2002.06.28 16:56 B C:\My Documents\my web\pic\hkulogo.gif <-- cantonese /nfs5/cantones/public_html/pic hkulogo.gif
2002.06.28 16:56 B C:\My Documents\my web\pic\hkutext.gif <-- cantonese /nfs5/cantones/public_html/pic hkutext.gif
2002.06.28 16:56 B C:\My Documents\my web\pic\jnulogo.gif <-- cantonese /nfs5/cantones/public_html/pic jnulogo.gif
2002.06.28 16:56 B C:\My Documents\my web\pic\jnutext.gif <-- cantonese /nfs5/cantones/public_html/pic jnutext.gif
2002.06.28 16:56 B C:\My Documents\my web\pic\landscape3.gif <-- cantonese /nfs5/cantones/public_html/pic landscape3.gif
2002.06.28 16:56 B C:\My Documents\my web\pic\landscape3.jpg <-- cantonese /nfs5/cantones/public_html/pic landscape3.jpg
2002.06.28 16:56 B C:\My Documents\my web\pic\simplified.gif <-- cantonese /nfs5/cantones/public_html/pic simplified.gif
2002.06.28 16:56 B C:\My Documents\my web\pic\traditional.gif <-- cantonese /nfs5/cantones/public_html/pic traditional.gif
2002.07.05 09:41 B C:\My Documents\my web\pic\background.gif --> hkusua.hku.hk /nfs5/cantones/public_html/pic background.gif
2002.07.05 09:41 B C:\My Documents\my web\pic\background2.gif --> hkusua.hku.hk /nfs5/cantones/public_html/pic background2.gif
2002.07.05 09:41 B C:\My Documents\my web\pic\newback.psd --> hkusua.hku.hk /nfs5/cantones/public_html/pic newback.psd
2002.07.05 09:41 B C:\My Documents\my web\pic\newback2.psd --> hkusua.hku.hk /nfs5/cantones/public_html/pic newback2.psd
2002.07.05 09:41 B C:\My Documents\my web\pic\or.gif --> hkusua.hku.hk /nfs5/cantones/public_html/pic or.gif
2002.07.05 09:41 B C:\My Documents\my web\pic\precaution.psd --> hkusua.hku.hk /nfs5/cantones/public_html/pic precaution.psd
2002.07.05 09:41 B C:\My Documents\my web\pic\precautions.gif --> hkusua.hku.hk /nfs5/cantones/public_html/pic precautions.gif
2002.07.05 09:41 B C:\My Documents\my web\pic\precautiont.gif --> hkusua.hku.hk /nfs5/cantones/public_html/pic precautiont.gif
2002.07.05 09:41 B C:\My Documents\my web\pic\simp.html --> hkusua.hku.hk /nfs5/cantones/public_html/pic simp.html
2002.07.05 09:41 B C:\My Documents\my web\pic\simp.psd --> hkusua.hku.hk /nfs5/cantones/public_html/pic simp.psd
2002.07.05 09:41 B C:\My Documents\my web\pic\simp_01.gif --> hkusua.hku.hk /nfs5/cantones/public_html/pic simp_01.gif
2002.07.05 09:41 B C:\My Documents\my web\pic\simp_02.gif --> hkusua.hku.hk /nfs5/cantones/public_html/pic simp_02.gif
2002.07.05 09:41 B C:\My Documents\my web\pic\simp_03-down.gif --> hkusua.hku.hk /nfs5/cantones/public_html/pic simp_03-down.gif
2002.07.05 09:41 B C:\My Documents\my web\pic\simp_03-over.gif --> hkusua.hku.hk /nfs5/cantones/public_html/pic simp_03-over.gif
2002.07.05 09:41 B C:\My Documents\my web\pic\simp_03.gif --> hkusua.hku.hk /nfs5/cantones/public_html/pic simp_03.gif
2002.07.05 09:41 B C:\My Documents\my web\pic\simp_04.gif --> hkusua.hku.hk /nfs5/cantones/public_html/pic simp_04.gif
2002.07.05 09:41 B C:\My Documents\my web\pic\title.gif --> hkusua.hku.hk /nfs5/cantones/public_html/pic title.gif
2002.07.05 09:41 B C:\My Documents\my web\pic\trad.html --> hkusua.hku.hk /nfs5/cantones/public_html/pic trad.html
2002.07.05 09:41 B C:\My Documents\my web\pic\trad.psd --> hkusua.hku.hk /nfs5/cantones/public_html/pic trad.psd
2002.07.05 09:41 B C:\My Documents\my web\pic\trad_01.gif --> hkusua.hku.hk /nfs5/cantones/public_html/pic trad_01.gif
2002.07.05 09:41 B C:\My Documents\my web\pic\trad_02-down.gif --> hkusua.hku.hk /nfs5/cantones/public_html/pic trad_02-down.gif
2002.07.05 09:41 B C:\My Documents\my web\pic\trad_02-over.gif --> hkusua.hku.hk /nfs5/cantones/public_html/pic trad_02-over.gif
2002.07.05 09:41 B C:\My Documents\my web\pic\trad_02.gif --> hkusua.hku.hk /nfs5/cantones/public_html/pic trad_02.gif
2002.07.05 09:41 B C:\My Documents\my web\pic\trad_03.gif --> hkusua.hku.hk /nfs5/cantones/public_html/pic trad_03.gif
2002.07.05 09:41 B C:\My Documents\my web\pic\WS_FTP.LOG --> hkusua.hku.hk /nfs5/cantones/public_html/pic WS_FTP.LOG
2002.07.09 11:15 B C:\My Documents\my web\pic\background.gif --> hkusua.hku.hk /nfs5/cantones/public_html/pic background.gif
2002.07.09 11:15 B C:\My Documents\my web\pic\background2.gif --> hkusua.hku.hk /nfs5/cantones/public_html/pic background2.gif
2002.07.09 11:15 B C:\My Documents\my web\pic\hkulogo2.gif --> hkusua.hku.hk /nfs5/cantones/public_html/pic hkulogo2.gif
2002.07.09 11:15 B C:\My Documents\my web\pic\jnulogo2.gif --> hkusua.hku.hk /nfs5/cantones/public_html/pic jnulogo2.gif
2002.07.09 11:15 B C:\My Documents\my web\pic\junk.gif --> hkusua.hku.hk /nfs5/cantones/public_html/pic junk.gif
2002.07.09 11:15 B C:\My Documents\my web\pic\junk.psd --> hkusua.hku.hk /nfs5/cantones/public_html/pic junk.psd
2002.07.09 11:15 B C:\My Documents\my web\pic\junk2.gif --> hkusua.hku.hk /nfs5/cantones/public_html/pic junk2.gif
2002.07.09 11:15 B C:\My Documents\my web\pic\menu.fla --> hkusua.hku.hk /nfs5/cantones/public_html/pic menu.fla
2002.07.09 11:15 B C:\My Documents\my web\pic\menu.html --> hkusua.hku.hk /nfs5/cantones/public_html/pic menu.html
2002.07.09 11:15 B C:\My Documents\my web\pic\menu.swf --> hkusua.hku.hk /nfs5/cantones/public_html/pic menu.swf
2002.07.09 11:15 B C:\My Documents\my web\pic\newback3.psd --> hkusua.hku.hk /nfs5/cantones/public_html/pic newback3.psd
2002.07.09 11:15 B C:\My Documents\my web\pic\WS_FTP.LOG --> hkusua.hku.hk /nfs5/cantones/public_html/pic WS_FTP.LOG
2002.07.10 16:10 B C:\My Documents\my web\pic\background2.gif --> hkusua.hku.hk /nfs5/cantones/public_html/pic background2.gif
2002.07.10 16:10 B C:\My Documents\my web\pic\hkulogo.gif --> hkusua.hku.hk /nfs5/cantones/public_html/pic hkulogo.gif
2002.07.10 16:10 B C:\My Documents\my web\pic\menu.fla --> hkusua.hku.hk /nfs5/cantones/public_html/pic menu.fla
2002.07.10 16:10 B C:\My Documents\my web\pic\menu.swf --> hkusua.hku.hk /nfs5/cantones/public_html/pic menu.swf
2002.07.10 16:10 B C:\My Documents\my web\pic\t.gif --> hkusua.hku.hk /nfs5/cantones/public_html/pic t.gif
2003.12.11 16:38 B C:\My Documents\cantonese-website\public_html\pic\WS_FTP.LOG <-- cantonese /user5/cantones/public_html/pic WS_FTP.LOG
2003.12.11 21:29 B C:\My Documents\cantonese-website\public_html\pic\menu.fla --> hkusub.hku.hk /user5/cantones/public_html/pic menu.fla
2003.12.11 21:29 B C:\My Documents\cantonese-website\public_html\pic\menu.html --> hkusub.hku.hk /user5/cantones/public_html/pic menu.html
2003.12.11 21:29 B C:\My Documents\cantonese-website\public_html\pic\menu.swf --> hkusub.hku.hk /user5/cantones/public_html/pic menu.swf
2003.12.11 21:29 B C:\My Documents\cantonese-website\public_html\pic\menu1.fla --> hkusub.hku.hk /user5/cantones/public_html/pic menu1.fla
2003.12.11 21:30 B C:\My Documents\cantonese-website\public_html\pic\menu1.fla --> hkusub.hku.hk /user5/cantones/public_html/pic menu1.fla
2003.12.11 21:30 B C:\My Documents\cantonese-website\public_html\pic\menu.fla --> hkusub.hku.hk /user5/cantones/public_html/pic menu.fla
2003.12.11 21:30 B C:\My Documents\cantonese-website\public_html\pic\menu.swf --> hkusub.hku.hk /user5/cantones/public_html/pic menu.swf
2003.12.11 21:30 B C:\My Documents\cantonese-website\public_html\pic\menu.html --> hkusub.hku.hk /user5/cantones/public_html/pic menu.html
2005.07.12 21:43 B C:\My Documents\cantonese-website\public_html\pic\menu.swf --> hkusub.hku.hk /disk2/user5/cantones/public_html/pic menu.swf
2005.07.12 21:43 B C:\My Documents\cantonese-website\public_html\pic\menu.fla --> hkusub.hku.hk /disk2/user5/cantones/public_html/pic menu.fla
2005.07.12 21:47 B C:\My Documents\cantonese-website\public_html\pic\menu.swf --> hkusub.hku.hk /disk2/user5/cantones/public_html/pic menu.swf
2005.07.12 21:47 B C:\My Documents\cantonese-website\public_html\pic\menu.fla --> hkusub.hku.hk /disk2/user5/cantones/public_html/pic menu.fla
2005.07.12 21:47 B C:\My Documents\cantonese-website\public_html\pic\menu-bkp.fla --> hkusub.hku.hk /disk2/user5/cantones/public_html/pic menu-bkp.fla
2005.07.12 21:48 B C:\My Documents\cantonese-website\public_html\pic\menu.fla --> hkusub.hku.hk /disk2/user5/cantones/public_html/pic menu.fla
2006.03.23 14:37 B C:\My Documents\cantonese-website\public_html\pic\menu.fla --> hkusub.hku.hk /disk2/user5/cantones/public_html/pic menu.fla
2006.03.23 14:37 B C:\My Documents\cantonese-website\public_html\pic\menu.swf --> hkusub.hku.hk /disk2/user5/cantones/public_html/pic menu.swf
2006.03.28 14:47 B C:\My Documents\cantonese-website\public_html\pic\menu.fla --> hkusub.hku.hk /disk2/user5/cantones/public_html/pic menu.fla
2006.03.28 14:47 B C:\My Documents\cantonese-website\public_html\pic\menu.html --> hkusub.hku.hk /disk2/user5/cantones/public_html/pic menu.html
2006.03.28 14:47 B C:\My Documents\cantonese-website\public_html\pic\menu.swf --> hkusub.hku.hk /disk2/user5/cantones/public_html/pic menu.swf
